<?xml version="1.0" encoding="UTF-8"?>
<!-- Generated by org.testng.reporters.JUnitXMLReporter -->
<testsuite ignored="0" hostname="SANGEETHA-PC" failures="0" tests="14" name="Default test" time="25.366" errors="0" timestamp="01 Mar. 2023 06:20:43 GMT">
  <testcase classname="tests.RegisterTest" name="register" time="2.74"/>
  <testcase classname="tests.RegisterTest" name="registerFillFormFirstNameTest" time="0.174"/>
  <testcase classname="tests.RegisterTest" name="registerFillFormLastNameTest" time="0.197"/>
  <testcase classname="tests.RegisterTest" name="registerFillFormPhoneTest" time="0.153"/>
  <testcase classname="tests.RegisterTest" name="registerFillFormEmailTest" time="0.183"/>
  <testcase classname="tests.RegisterTest" name="registerFillFormAddressTest" time="0.149"/>
  <testcase classname="tests.RegisterTest" name="registerFillFormCityTest" time="0.174"/>
  <testcase classname="tests.RegisterTest" name="registerFillFormStateTest" time="0.153"/>
  <testcase classname="tests.RegisterTest" name="registerFillFormPostalCodeTest" time="0.147"/>
  <testcase classname="tests.RegisterTest" name="registerFillFormCountryTest" time="0.213"/>
  <testcase classname="tests.RegisterTest" name="registerFillFormUserNameTest" time="0.141"/>
  <testcase classname="tests.RegisterTest" name="registerFillFormPasswordTest" time="0.172"/>
  <testcase classname="tests.RegisterTest" name="registerFillFormCPasswordTest" time="0.145"/>
  <testcase classname="tests.RegisterTest" name="registerFormSubmitBtnTest" time="2.563"/>
</testsuite> <!-- Default test -->
